[2024-11-12 01:42:04] [32minfo[39m: Success in searching all models
[2024-11-12 01:42:27] [31merror[39m: Error in seaching model: err is not defined
[2024-11-15 00:10:10] [31merror[39m: Error when saving data: Unknown column 'categorieId' in 'field list'
[2024-11-15 00:24:01] [31merror[39m: Error when saving data: Unknown column 'categorieId' in 'field list'
[2024-11-15 00:28:10] [31merror[39m: Error when saving data: Unknown column 'categorieId' in 'field list'
[2024-11-15 00:31:29] [31merror[39m: Error when saving data: Unknown column 'categorieId' in 'field list'
[2024-11-15 00:32:36] [31merror[39m: Error when saving data: Unknown column 'categorieId' in 'field list'
[2024-11-15 00:34:49] [31merror[39m: Error when saving data: Unknown column 'categorieId' in 'field list'
[2024-11-15 00:34:50] [31merror[39m: Error when saving data: Unknown column 'categorieId' in 'field list'
[2024-11-15 00:34:51] [31merror[39m: Error when saving data: Unknown column 'categorieId' in 'field list'
[2024-11-15 00:40:18] [31merror[39m: Error when saving data: Unknown column 'categorie.model' in 'where clause'
[2024-11-15 00:45:06] [32minfo[39m: Sucessfull register Model
[2024-11-15 00:46:52] [32minfo[39m: Sucessfull register Model
[2024-11-15 00:47:16] [32minfo[39m: Success in searching all categories
[2024-11-15 18:50:24] [32minfo[39m: Success in searching all categories
[2024-11-15 18:51:22] [32minfo[39m: Sucessfull register Model
[2024-11-15 18:51:35] [32minfo[39m: Sucessfull register Model
[2024-11-15 18:52:27] [32minfo[39m: Sucessfull register Model
[2024-11-15 18:54:44] [33mwarn[39m: Categorie already registered.
[2024-11-15 18:54:49] [32minfo[39m: Sucessfull register Model
[2024-11-15 18:56:02] [32minfo[39m: Success in searching all categories
[2024-11-15 18:56:13] [31merror[39m: Error in seaching categorie: Cannot access 'categorie' before initialization
[2024-11-15 18:56:56] [31merror[39m: Error in seaching categorie: Cannot access 'categorie' before initialization
[2024-11-15 18:57:25] [31merror[39m: Error in seaching categorie: Cannot access 'categorie' before initialization
[2024-11-15 18:57:44] [31merror[39m: Error in seaching categorie: Cannot access 'categorie' before initialization
[2024-11-15 18:59:18] [32minfo[39m: Success in searching categorie
[2024-11-15 19:05:49] [32minfo[39m: Categorie deletd.
[2024-11-15 19:06:02] [32minfo[39m: Success in searching all categories
[2024-11-15 19:06:25] [32minfo[39m: Categorie deletd.
[2024-11-15 19:11:15] [32minfo[39m: Success in searching all categories
[2024-11-15 19:17:26] [31merror[39m: Error when saving data: notNull Violation: models.categorieId cannot be null
[2024-11-15 19:18:14] [31merror[39m: Error when saving data: notNull Violation: models.categorieId cannot be null
[2024-11-15 19:19:29] [31merror[39m: Error when saving data: notNull Violation: models.categorieId cannot be null
[2024-11-15 19:21:35] [31merror[39m: Error when saving data: notNull Violation: models.categorieId cannot be null
[2024-11-15 19:22:16] [33mwarn[39m: You need to enter the categorie
[2024-11-15 19:22:41] [31merror[39m: Error when saving data: notNull Violation: models.categorieId cannot be null
[2024-11-15 19:23:07] [31merror[39m: Error when saving data: notNull Violation: models.categorieId cannot be null
[2024-11-15 19:24:17] [31merror[39m: Error when saving data: categorie is not defined
[2024-11-15 19:24:43] [31merror[39m: Error when saving data: categorie is not defined
[2024-11-15 19:25:08] [32minfo[39m: Sucessfull register Model
[2024-11-15 19:25:48] [32minfo[39m: Sucessfull register Model
[2024-11-15 19:26:18] [32minfo[39m: Sucessfull register Model
[2024-11-15 19:26:26] [32minfo[39m: Sucessfull register Model
[2024-11-15 19:26:40] [33mwarn[39m: Model already registered.
[2024-11-15 19:26:51] [32minfo[39m: Success in searching all models
[2024-11-15 19:29:02] [32minfo[39m: Success in searching all models
[2024-11-15 19:30:30] [32minfo[39m: Model deletd.
[2024-11-15 19:30:47] [32minfo[39m: Sucessfull register Model
[2024-11-15 19:31:09] [32minfo[39m: Success in searching all categories
[2024-11-15 19:31:44] [32minfo[39m: Sucessfull register Model
[2024-11-15 19:32:01] [31merror[39m: Error when delete data: Cannot delete or update a parent row: a foreign key constraint fails (`inventory`.`models`, CONSTRAINT `models_ibfk_1` FOREIGN KEY (`categorieId`) REFERENCES `categorie` (`id`) ON UPDATE CASCADE)
[2024-11-15 19:48:23] [32minfo[39m: Success in searching model
[2024-11-15 19:49:09] [32minfo[39m: Success in searching model
[2024-11-15 19:51:13] [32minfo[39m: Success in searching all models
[2024-11-15 19:51:43] [32minfo[39m: Model deletd.
[2024-11-15 19:53:14] [32minfo[39m: Model updated sucessfully.
[2024-11-15 20:07:03] [32minfo[39m: Sucessfull register Equipment
[2024-11-15 20:08:47] [31merror[39m: Error in seaching equipments: models is associated to equipments using an alias. You've included an alias (equipments), but it does not match the alias(es) defined in your association (model).
[2024-11-15 20:09:34] [31merror[39m: Error in seaching equipments: models is associated to equipments using an alias. You've included an alias (equipments), but it does not match the alias(es) defined in your association (model).
[2024-11-15 20:10:32] [32minfo[39m: Success in searching all equipments
[2024-11-15 20:12:34] [32minfo[39m: Success in searching all models
[2024-11-17 09:05:52] [32minfo[39m: Success in searching all equipments
[2024-11-17 09:09:32] [33mwarn[39m: Equipement already registered.
[2024-11-17 09:09:37] [32minfo[39m: Sucessfull register Equipment
[2024-11-17 09:09:50] [32minfo[39m: Success in searching all equipments
[2024-11-17 09:38:55] [32minfo[39m: Equipment updated and movement registered
[2024-11-17 10:05:57] [32minfo[39m: Success in searching all equipments
[2024-11-17 10:06:29] [32minfo[39m: Equipment deleted.
[2024-11-17 10:06:50] [32minfo[39m: Success in searching all equipments
[2024-11-17 10:07:01] [32minfo[39m: Success in searching all moves
[2024-11-17 10:22:17] [31merror[39m: Error in seaching moves: models is associated to equipments using an alias. You must use the 'as' keyword to specify the alias within your include statement.
[2024-11-17 10:22:50] [31merror[39m: Error in seaching moves: equipments is associated to move_equipment using an alias. You've included an alias (moves), but it does not match the alias(es) defined in your association (equipment).
[2024-11-17 10:23:49] [31merror[39m: Error in seaching moves: models is associated to equipments using an alias. You must use the 'as' keyword to specify the alias within your include statement.
[2024-11-17 10:27:24] [32minfo[39m: Success in searching all moves
[2024-11-17 10:28:54] [32minfo[39m: Success in searching all moves
[2024-11-17 10:29:14] [32minfo[39m: Success in searching all moves
[2024-11-17 10:29:32] [32minfo[39m: Success in searching all equipments
[2024-11-17 10:38:05] [32minfo[39m: Success in searching all equipments
[2024-11-17 10:38:25] [32minfo[39m: Equipment updated and movement registered
[2024-11-17 10:39:31] [32minfo[39m: Success in searching all moves
[2024-11-17 17:07:47] [33mwarn[39m: Categorie already registered.
[2024-11-17 17:08:01] [32minfo[39m: Sucessfull register Model
[2024-11-17 17:09:02] [33mwarn[39m: Categorie already registered.
[2024-11-17 17:09:10] [33mwarn[39m: Categorie already registered.
[2024-11-17 17:09:55] [32minfo[39m: Sucessfull register Model
[2024-11-17 17:14:54] [32minfo[39m: Sucessfull register Model
[2024-11-17 17:15:04] [32minfo[39m: Sucessfull register Model
[2024-11-17 17:15:47] [32minfo[39m: Sucessfull register Model
[2024-11-17 17:15:56] [32minfo[39m: Sucessfull register Model
[2024-11-17 17:16:00] [33mwarn[39m: Categorie already registered.
[2024-11-17 17:16:32] [33mwarn[39m: Categorie already registered.
[2024-11-17 17:17:28] [33mwarn[39m: Categorie already registered.
[2024-11-17 17:17:37] [32minfo[39m: Sucessfull register Model
[2024-11-17 17:33:27] [32minfo[39m: Sucessfull register Model
[2024-11-17 17:33:53] [32minfo[39m: Sucessfull register Model
[2024-11-17 17:34:24] [33mwarn[39m: Categorie already registered.
[2024-11-17 17:34:38] [32minfo[39m: Sucessfull register Model
[2024-11-17 17:35:16] [33mwarn[39m: Categorie already registered.
[2024-11-17 17:35:32] [32minfo[39m: Sucessfull register Model
[2024-11-17 18:08:41] [33mwarn[39m: Categorie already registered.
[2024-11-17 18:08:46] [33mwarn[39m: Categorie already registered.
[2024-11-17 18:09:53] [33mwarn[39m: Categorie already registered.
[2024-11-17 18:15:16] [33mwarn[39m: Categorie already registered.
[2024-11-17 18:15:58] [33mwarn[39m: Categorie already registered.
[2024-11-17 18:17:48] [33mwarn[39m: Categorie already registered.
[2024-11-17 18:18:04] [33mwarn[39m: Categorie already registered.
[2024-11-17 18:20:22] [33mwarn[39m: Categorie already registered.
[2024-11-17 18:20:56] [33mwarn[39m: Categorie already registered.
[2024-11-17 18:21:12] [33mwarn[39m: Categorie already registered.
[2024-11-17 18:21:40] [33mwarn[39m: Categorie already registered.
[2024-11-17 18:21:49] [33mwarn[39m: Categorie already registered.
[2024-11-17 18:22:21] [33mwarn[39m: Categorie already registered.
[2024-11-17 18:23:30] [33mwarn[39m: Categorie already registered.
[2024-11-17 18:23:46] [33mwarn[39m: Categorie already registered.
[2024-11-17 18:26:48] [33mwarn[39m: Categorie already registered.
[2024-11-17 18:26:49] [33mwarn[39m: Categorie already registered.
[2024-11-17 18:26:49] [33mwarn[39m: Categorie already registered.
[2024-11-17 18:26:50] [33mwarn[39m: Categorie already registered.
[2024-11-17 18:26:51] [33mwarn[39m: Categorie already registered.
[2024-11-17 18:26:52] [33mwarn[39m: Categorie already registered.
[2024-11-17 18:27:51] [33mwarn[39m: Categorie already registered.
[2024-11-17 18:28:21] [33mwarn[39m: Categorie already registered.
[2024-11-17 18:40:48] [33mwarn[39m: Categorie already registered.
[2024-11-17 18:41:00] [32minfo[39m: Sucessfull register Model
[2024-11-17 18:52:59] [33mwarn[39m: Categorie already registered.
[2024-11-17 18:53:08] [33mwarn[39m: Category is required
[2024-11-17 18:53:12] [33mwarn[39m: Category is required
[2024-11-17 18:55:37] [33mwarn[39m: Category is required
[2024-11-17 18:55:54] [33mwarn[39m: Category is required
[2024-11-17 19:06:38] [33mwarn[39m: Category is required
[2024-11-17 19:07:22] [33mwarn[39m: Category is required
[2024-11-17 19:09:55] [33mwarn[39m: Category is required
[2024-11-17 19:10:03] [33mwarn[39m: Categorie already registered.
[2024-11-17 19:10:54] [33mwarn[39m: Categorie already registered.
[2024-11-17 19:11:30] [33mwarn[39m: Category is required
[2024-11-17 19:11:35] [33mwarn[39m: Categorie already registered.
[2024-11-17 19:11:41] [33mwarn[39m: Categorie already registered.
[2024-11-17 19:11:53] [32minfo[39m: Sucessfull register Model
[2024-11-24 18:17:47] [32minfo[39m: Success in searching all categories
[2024-11-24 18:17:54] [32minfo[39m: Success in searching all categories
[2024-11-24 18:18:20] [32minfo[39m: Success in searching all categories
[2024-11-24 18:19:05] [32minfo[39m: Success in searching all categories
[2024-11-24 18:19:15] [32minfo[39m: Success in searching all categories
[2024-11-24 18:20:46] [32minfo[39m: Success in searching all categories
[2024-11-24 18:21:28] [33mwarn[39m: You need to enter the categorie
[2024-11-24 18:21:44] [32minfo[39m: Success in searching all categories
[2024-11-24 19:38:24] [33mwarn[39m: You muster enter the brand, You need to enter the model, You need to enter the categorie
[2024-11-24 19:38:35] [32minfo[39m: Success in searching all categories
[2024-11-24 19:39:39] [32minfo[39m: Success in searching all categories
[2024-11-24 19:39:46] [32minfo[39m: Success in searching all categories
[2024-11-24 19:39:51] [32minfo[39m: Success in searching all categories
[2024-11-24 19:40:13] [32minfo[39m: Success in searching all categories
[2024-11-24 19:42:10] [32minfo[39m: Success in searching all categories
[2024-11-24 19:42:17] [32minfo[39m: Success in searching all categories
[2024-11-24 19:44:23] [32minfo[39m: Success in searching all categories
[2024-11-24 19:44:59] [33mwarn[39m: You need to enter the categorie
[2024-11-24 19:45:11] [33mwarn[39m: You need to enter the categorie
[2024-11-24 19:45:24] [32minfo[39m: Success in searching all categories
[2024-11-24 19:45:45] [32minfo[39m: Success in searching all categories
[2024-11-24 19:46:12] [32minfo[39m: Success in searching all categories
[2024-11-24 19:46:20] [32minfo[39m: Success in searching all categories
[2024-11-24 19:46:38] [32minfo[39m: Sucessfull register Model
[2024-11-24 19:46:42] [32minfo[39m: Success in searching all categories
[2024-11-24 19:51:47] [32minfo[39m: Success in searching all categories
[2024-11-24 19:51:48] [32minfo[39m: Success in searching all categories
[2024-11-24 19:52:56] [32minfo[39m: Success in searching all categories
[2024-11-24 19:53:18] [32minfo[39m: Success in searching all categories
[2024-11-24 19:53:32] [32minfo[39m: Success in searching all categories
[2024-11-24 19:53:50] [33mwarn[39m: categorieId must be a `number` type, but the final value was: `NaN` (cast from the value `{
  "label": "\"ont\"",
  "value": "1"
}`).
[2024-11-24 19:54:37] [32minfo[39m: Success in searching all categories
[2024-11-24 19:54:54] [32minfo[39m: Success in searching all categories
[2024-11-24 19:54:57] [32minfo[39m: Success in searching all categories
[2024-11-24 19:55:11] [32minfo[39m: Success in searching all categories
[2024-11-24 19:55:27] [33mwarn[39m: categorieId must be a `number` type, but the final value was: `NaN` (cast from the value `{
  "label": "\"ont\"",
  "value": "1"
}`).
[2024-11-24 19:57:58] [32minfo[39m: Success in searching all categories
[2024-11-24 19:59:25] [32minfo[39m: Success in searching all categories
[2024-11-24 20:00:56] [33mwarn[39m: categorieId must be a `number` type, but the final value was: `NaN` (cast from the value `{
  "label": "\"teste2\"",
  "value": "6"
}`).
[2024-11-24 20:01:43] [32minfo[39m: Success in searching all categories
[2024-11-24 20:01:58] [33mwarn[39m: categorieId must be a `number` type, but the final value was: `NaN`.
[2024-11-24 20:02:54] [32minfo[39m: Success in searching all categories
[2024-11-24 20:03:13] [32minfo[39m: Success in searching all categories
[2024-11-24 20:04:55] [32minfo[39m: Success in searching all categories
[2024-11-24 20:04:58] [32minfo[39m: Success in searching all categories
[2024-11-24 20:05:08] [33mwarn[39m: categorieId must be a `number` type, but the final value was: `NaN`.
[2024-11-24 20:06:36] [32minfo[39m: Success in searching all categories
[2024-11-24 20:06:45] [33mwarn[39m: You muster enter the brand, You need to enter the model, categorieId must be a `number` type, but the final value was: `NaN`.
[2024-11-24 20:06:57] [32minfo[39m: Success in searching all categories
[2024-11-24 20:07:03] [32minfo[39m: Success in searching all categories
[2024-11-24 20:07:08] [33mwarn[39m: categorieId must be a `number` type, but the final value was: `NaN`.
[2024-11-24 20:08:14] [32minfo[39m: Success in searching all categories
[2024-11-24 20:08:34] [32minfo[39m: Success in searching all categories
[2024-11-24 20:08:40] [32minfo[39m: Success in searching all categories
[2024-11-24 20:08:49] [33mwarn[39m: categorieId must be a `number` type, but the final value was: `NaN` (cast from the value `{
  "label": "\"ont\"",
  "value": "1"
}`).
[2024-11-24 20:08:58] [32minfo[39m: Success in searching all categories
[2024-11-24 20:09:18] [32minfo[39m: Sucessfull register Model
[2024-11-24 20:20:36] [33mwarn[39m: You muster enter the brand, You need to enter the categorie
[2024-11-24 20:21:10] [32minfo[39m: Success in searching all categories
[2024-11-24 20:25:57] [32minfo[39m: Success in searching all categories
[2024-11-24 20:44:06] [32minfo[39m: Success in searching all categories
[2024-11-24 20:44:06] [32minfo[39m: Success in searching all categories
[2024-11-24 20:44:06] [32minfo[39m: Success in searching all categories
[2024-11-24 20:44:15] [32minfo[39m: Success in searching all categories
[2024-11-24 20:45:36] [32minfo[39m: Success in searching all categories
[2024-11-24 20:47:51] [32minfo[39m: Success in searching all categories
[2024-11-24 20:47:55] [32minfo[39m: Success in searching all categories
[2024-11-24 20:48:56] [32minfo[39m: Success in searching all categories
[2024-11-24 20:49:22] [32minfo[39m: Success in searching all categories
[2024-11-24 21:42:45] [32minfo[39m: Success in searching all categories
[2024-11-24 21:42:48] [32minfo[39m: Success in searching all categories
[2024-11-24 21:54:23] [32minfo[39m: Success in searching all categories
[2024-11-24 22:01:18] [32minfo[39m: Success in searching all categories
[2024-11-24 22:01:27] [32minfo[39m: Sucessfull register Model
[2024-11-24 22:11:40] [32minfo[39m: Success in searching all models
[2024-11-24 22:11:44] [32minfo[39m: Success in searching all models
[2024-11-24 22:12:27] [32minfo[39m: Success in searching all models
[2024-11-24 22:12:31] [32minfo[39m: Success in searching all models
[2024-11-24 22:13:51] [32minfo[39m: Success in searching all models
[2024-11-24 22:14:35] [32minfo[39m: Success in searching all models
[2024-11-24 22:15:04] [32minfo[39m: Success in searching all models
[2024-11-24 22:18:01] [32minfo[39m: Success in searching all models
[2024-11-24 22:19:06] [32minfo[39m: Success in searching all models
[2024-11-24 22:19:10] [32minfo[39m: Success in searching all models
[2024-11-24 22:19:16] [32minfo[39m: Success in searching all models
[2024-11-24 22:20:53] [32minfo[39m: Success in searching all models
[2024-11-24 22:24:23] [32minfo[39m: Success in searching all categories
[2024-11-24 22:24:29] [32minfo[39m: Success in searching all categories
[2024-11-24 22:28:23] [32minfo[39m: Success in searching all models
[2024-11-24 22:29:16] [32minfo[39m: Success in searching all models
[2024-11-24 22:29:21] [32minfo[39m: Success in searching all models
[2024-11-24 22:31:28] [32minfo[39m: Success in searching all models
[2024-11-24 22:31:33] [32minfo[39m: Success in searching all models
[2024-11-24 22:32:31] [32minfo[39m: Success in searching all models
[2024-11-24 22:32:36] [32minfo[39m: Success in searching all models
[2024-11-24 22:32:43] [32minfo[39m: Success in searching all models
[2024-11-24 22:33:31] [32minfo[39m: Success in searching all models
[2024-11-24 22:33:34] [32minfo[39m: Success in searching all models
[2024-11-24 22:34:11] [32minfo[39m: Success in searching all models
[2024-11-24 22:35:20] [32minfo[39m: Success in searching all models
[2024-11-24 22:35:21] [32minfo[39m: Success in searching all models
[2024-11-24 22:35:27] [32minfo[39m: Success in searching all models
[2024-11-24 22:35:52] [32minfo[39m: Success in searching all models
[2024-11-24 22:37:50] [32minfo[39m: Success in searching all models
[2024-11-24 22:37:51] [32minfo[39m: Success in searching all models
[2024-11-24 22:40:02] [32minfo[39m: Success in searching all models
[2024-11-24 22:40:36] [32minfo[39m: Success in searching all models
[2024-11-24 22:41:23] [32minfo[39m: Success in searching all models
[2024-11-24 22:41:23] [32minfo[39m: Success in searching all models
[2024-11-24 22:41:31] [32minfo[39m: Success in searching all models
[2024-11-24 22:41:41] [32minfo[39m: Success in searching all models
[2024-11-24 22:43:03] [32minfo[39m: Success in searching all models
[2024-11-24 22:43:07] [32minfo[39m: Success in searching all models
[2024-11-24 22:46:19] [32minfo[39m: Success in searching all models
[2024-11-24 23:07:43] [32minfo[39m: Success in searching all models
[2024-11-24 23:07:43] [32minfo[39m: Success in searching all models
[2024-11-24 23:07:44] [32minfo[39m: Success in searching all models
[2024-11-24 23:07:48] [32minfo[39m: Success in searching all models
[2024-11-24 23:08:12] [32minfo[39m: Success in searching all models
[2024-11-24 23:10:10] [32minfo[39m: Success in searching all models
[2024-11-24 23:11:08] [32minfo[39m: Success in searching all models
[2024-11-24 23:12:31] [32minfo[39m: Success in searching all models
