[2024-11-12 01:42:27] [31merror[39m: Error in seaching model: err is not defined
[2024-11-15 00:10:10] [31merror[39m: Error when saving data: Unknown column 'categorieId' in 'field list'
[2024-11-15 00:24:01] [31merror[39m: Error when saving data: Unknown column 'categorieId' in 'field list'
[2024-11-15 00:28:10] [31merror[39m: Error when saving data: Unknown column 'categorieId' in 'field list'
[2024-11-15 00:31:29] [31merror[39m: Error when saving data: Unknown column 'categorieId' in 'field list'
[2024-11-15 00:32:36] [31merror[39m: Error when saving data: Unknown column 'categorieId' in 'field list'
[2024-11-15 00:34:49] [31merror[39m: Error when saving data: Unknown column 'categorieId' in 'field list'
[2024-11-15 00:34:50] [31merror[39m: Error when saving data: Unknown column 'categorieId' in 'field list'
[2024-11-15 00:34:51] [31merror[39m: Error when saving data: Unknown column 'categorieId' in 'field list'
[2024-11-15 00:40:18] [31merror[39m: Error when saving data: Unknown column 'categorie.model' in 'where clause'
[2024-11-15 18:56:13] [31merror[39m: Error in seaching categorie: Cannot access 'categorie' before initialization
[2024-11-15 18:56:56] [31merror[39m: Error in seaching categorie: Cannot access 'categorie' before initialization
[2024-11-15 18:57:25] [31merror[39m: Error in seaching categorie: Cannot access 'categorie' before initialization
[2024-11-15 18:57:44] [31merror[39m: Error in seaching categorie: Cannot access 'categorie' before initialization
[2024-11-15 19:17:26] [31merror[39m: Error when saving data: notNull Violation: models.categorieId cannot be null
[2024-11-15 19:18:14] [31merror[39m: Error when saving data: notNull Violation: models.categorieId cannot be null
[2024-11-15 19:19:29] [31merror[39m: Error when saving data: notNull Violation: models.categorieId cannot be null
[2024-11-15 19:21:35] [31merror[39m: Error when saving data: notNull Violation: models.categorieId cannot be null
[2024-11-15 19:22:41] [31merror[39m: Error when saving data: notNull Violation: models.categorieId cannot be null
[2024-11-15 19:23:07] [31merror[39m: Error when saving data: notNull Violation: models.categorieId cannot be null
[2024-11-15 19:24:17] [31merror[39m: Error when saving data: categorie is not defined
[2024-11-15 19:24:43] [31merror[39m: Error when saving data: categorie is not defined
[2024-11-15 19:32:01] [31merror[39m: Error when delete data: Cannot delete or update a parent row: a foreign key constraint fails (`inventory`.`models`, CONSTRAINT `models_ibfk_1` FOREIGN KEY (`categorieId`) REFERENCES `categorie` (`id`) ON UPDATE CASCADE)
[2024-11-15 20:08:47] [31merror[39m: Error in seaching equipments: models is associated to equipments using an alias. You've included an alias (equipments), but it does not match the alias(es) defined in your association (model).
[2024-11-15 20:09:34] [31merror[39m: Error in seaching equipments: models is associated to equipments using an alias. You've included an alias (equipments), but it does not match the alias(es) defined in your association (model).
[2024-11-17 10:22:17] [31merror[39m: Error in seaching moves: models is associated to equipments using an alias. You must use the 'as' keyword to specify the alias within your include statement.
[2024-11-17 10:22:50] [31merror[39m: Error in seaching moves: equipments is associated to move_equipment using an alias. You've included an alias (moves), but it does not match the alias(es) defined in your association (equipment).
[2024-11-17 10:23:49] [31merror[39m: Error in seaching moves: models is associated to equipments using an alias. You must use the 'as' keyword to specify the alias within your include statement.
